[16:10:36] [ServerMain/INFO]: Environment: Environment[sessionHost=https://sessionserver.mojang.com, servicesHost=https://api.minecraftservices.com, name=PROD]
[16:10:42] [ServerMain/INFO]: Loaded 1337 recipes
[16:10:42] [ServerMain/INFO]: Loaded 1448 advancements
[16:10:42] [Server thread/INFO]: Starting minecraft server version 1.21.3
[16:10:42] [Server thread/INFO]: Loading properties
[16:10:42] [Server thread/INFO]: Default game type: SURVIVAL
[16:10:42] [Server thread/INFO]: Generating keypair
[16:10:42] [Server thread/INFO]: Starting Minecraft server on *:25565
[16:10:43] [Server thread/INFO]: Using epoll channel type
[16:10:43] [Server thread/WARN]: **** SERVER IS RUNNING IN OFFLINE/INSECURE MODE!
[16:10:43] [Server thread/WARN]: The server will make no attempt to authenticate usernames. Beware.
[16:10:43] [Server thread/WARN]: While this makes the game possible to play without internet access, it also opens up the ability for hackers to connect with any username they choose.
[16:10:43] [Server thread/WARN]: To change this, set "online-mode" to "true" in the server.properties file.
[16:10:43] [Server thread/INFO]: Preparing level "world"
[16:10:43] [Server thread/INFO]: Preparing start region for dimension minecraft:overworld
[16:10:57] [Worker-Main-1/INFO]: Preparing spawn area: 0%
[16:10:57] [Worker-Main-1/INFO]: Preparing spawn area: 0%
[16:10:57] [Worker-Main-1/INFO]: Preparing spawn area: 0%
[16:10:57] [Worker-Main-1/INFO]: Preparing spawn area: 0%
[16:10:57] [Worker-Main-1/INFO]: Preparing spawn area: 0%
[16:10:57] [Worker-Main-1/INFO]: Preparing spawn area: 0%
[16:10:57] [Worker-Main-1/INFO]: Preparing spawn area: 0%
[16:10:57] [Worker-Main-1/INFO]: Preparing spawn area: 0%
[16:10:57] [Worker-Main-1/INFO]: Preparing spawn area: 0%
[16:10:57] [Worker-Main-1/INFO]: Preparing spawn area: 0%
[16:10:57] [Worker-Main-1/INFO]: Preparing spawn area: 0%
[16:10:57] [Worker-Main-1/INFO]: Preparing spawn area: 0%
[16:10:57] [Worker-Main-1/INFO]: Preparing spawn area: 0%
[16:10:57] [Worker-Main-1/INFO]: Preparing spawn area: 0%
[16:10:57] [Worker-Main-1/INFO]: Preparing spawn area: 0%
[16:10:57] [Worker-Main-1/INFO]: Preparing spawn area: 0%
[16:10:57] [Worker-Main-1/INFO]: Preparing spawn area: 0%
[16:10:57] [Worker-Main-1/INFO]: Preparing spawn area: 0%
[16:10:57] [Worker-Main-1/INFO]: Preparing spawn area: 0%
[16:10:57] [Worker-Main-1/INFO]: Preparing spawn area: 0%
[16:10:57] [Worker-Main-1/INFO]: Preparing spawn area: 0%
[16:10:57] [Worker-Main-1/INFO]: Preparing spawn area: 0%
[16:10:57] [Worker-Main-1/INFO]: Preparing spawn area: 0%
[16:10:57] [Worker-Main-1/INFO]: Preparing spawn area: 0%
[16:10:57] [Worker-Main-1/INFO]: Preparing spawn area: 0%
[16:10:57] [Worker-Main-1/INFO]: Preparing spawn area: 0%
[16:10:57] [Worker-Main-1/INFO]: Preparing spawn area: 0%
[16:10:57] [Worker-Main-1/INFO]: Preparing spawn area: 0%
[16:10:57] [Worker-Main-1/INFO]: Preparing spawn area: 0%
[16:10:58] [Worker-Main-1/INFO]: Preparing spawn area: 0%
[16:10:58] [Server thread/INFO]: Time elapsed: 15075 ms
[16:10:58] [Server thread/INFO]: Done (15.696s)! For help, type "help"
[16:11:07] [Server thread/INFO]: Pleasure1234[/[0:0:0:0:0:0:0:1%0]:36320] logged in with entity id 54 at (34.835182179658375, 63.0, -34.4334628944281)
[16:11:07] [Server thread/INFO]: Pleasure1234 joined the game
[16:12:43] [Server thread/INFO]: Gamerule keepInventory is now set to: true
[16:12:52] [Server thread/INFO]: Applied effect Resistance to Pleasure1234
[16:23:57] [Server thread/INFO]: Unknown or incomplete command, see below for error
[16:23:57] [Server thread/INFO]: sleep<--[HERE]
[16:28:53] [Server thread/INFO]: Pleasure1234 lost connection: Disconnected
[16:28:53] [Server thread/INFO]: Pleasure1234 left the game
